<?xml version="1.0" encoding="UTF-8"?>
<!-- Generated by org.testng.reporters.JUnitReportReporter -->
<testsuite hostname="bLACKsys" name="registration.FacebookPage" tests="1" failures="0" timestamp="8 Aug 2017 13:15:22 GMT" time="13.591" errors="0">
  <testcase name="TC001" time="13.591" classname="registration.FacebookPage"/>
</testsuite> <!-- registration.FacebookPage -->
