<?xml version="1.0" encoding="UTF-8"?>
<!-- Generated by org.testng.reporters.JUnitReportReporter -->
<testsuite hostname="bLACKsys" name="registration.FacebookPage" tests="1" failures="0" timestamp="8 Aug 2017 11:22:23 GMT" time="10.170" errors="0">
  <testcase name="TC001" time="10.170" classname="registration.FacebookPage"/>
</testsuite> <!-- registration.FacebookPage -->
